0001   2800             	.org	$2800
0002   2800 00 46 4F 52 	.db	$00,"FORMAT  COM",$00,$00,$00,$01
0002   2804 4D 41 54 20 
0002   2808 20 43 4F 4D 
0002   280C 00 00 00 01 
0003   2810 01 00 00 00 	.db	$01,$00,$00,$00,$00,$00,$00,$00
0003   2814 00 00 00 00 
0004   2818 00 00 00 00 	.db	$00,$00,$00,$00,$00,$00,$00,$00
0004   281C 00 00 00 00 
0005   2820 00 52 54 43 	.db	$00,"RTC     COM",$00,$00,$00,$10
0005   2824 20 20 20 20 
0005   2828 20 43 4F 4D 
0005   282C 00 00 00 10 
0006   2830 02 03 00 00 	.db	$02,$03,$00,$00,$00,$00,$00,$00
0006   2834 00 00 00 00 
0007   2838 00 00 00 00 	.db	$00,$00,$00,$00,$00,$00,$00,$00
0007   283C 00 00 00 00 
0008   2840 00 58 4D 4F 	.db	$00,"XMODEM  COM",$00,$00,$00,$13
0008   2844 44 45 4D 20 
0008   2848 20 43 4F 4D 
0008   284C 00 00 00 13 
0009   2850 04 05 06 00 	.db	$04,$05,$06,$00,$00,$00,$00,$00
0009   2854 00 00 00 00 
0010   2858 00 00 00 00 	.db	$00,$00,$00,$00,$00,$00,$00,$00
0010   285C 00 00 00 00 
0011   2BFF             	.org	$2BFF
0012   2BFF E5          	.db	$E5
0013   2C00             	.END
0014   2C00             
tasm: Number of errors = 0
