Start of pass one

src: ; parttabl.asm generated by ./fdisk, do not edit
label[0] g_szOpcode[0] g_szParms[0] comments[48]

src: 
label[0] g_szOpcode[0] g_szParms[0] comments[0]

src: p$table:
label[7] g_szOpcode[0] g_szParms[0] comments[0]

src: P1:	dw 00001H,00000H,00000H,00000H	; C: of       0 MegaBytes
label[2] g_szOpcode[2] g_szParms[27] comments[25]
Processing DW directive

src: P2:	dw 00001H,00000H,04000H,00000H	; D: of       8 MegaBytes
label[2] g_szOpcode[2] g_szParms[27] comments[25]
Processing DW directive

src: P3:	dw 04001H,00000H,04000H,00000H	; E: of       0 MegaBytes
label[2] g_szOpcode[2] g_szParms[27] comments[25]
Processing DW directive

src: P4:	dw 04001H,00000H,08000H,00000H	; F: of       8 MegaBytes
label[2] g_szOpcode[2] g_szParms[27] comments[25]
Processing DW directive
End of pass one
Start of pass two

src: ; parttabl.asm generated by ./fdisk, do not edit
label[0] g_szOpcode[0] g_szParms[0] comments[48]

src: 
label[0] g_szOpcode[0] g_szParms[0] comments[0]

src: p$table:
label[7] g_szOpcode[0] g_szParms[0] comments[0]

src: P1:	dw 00001H,00000H,00000H,00000H	; C: of       0 MegaBytes
label[2] g_szOpcode[2] g_szParms[27] comments[25]
Processing DW directive
hexout(pc=0000,count=3,offset=0); called
hexout(pc=0003,count=3,offset=3); called
hexout(pc=0006,count=2,offset=6); called

src: P2:	dw 00001H,00000H,04000H,00000H	; D: of       8 MegaBytes
label[2] g_szOpcode[2] g_szParms[27] comments[25]
Processing DW directive
hexout(pc=0008,count=3,offset=0); called
hexout(pc=000B,count=3,offset=3); called
hexout(pc=000E,count=2,offset=6); called

src: P3:	dw 04001H,00000H,04000H,00000H	; E: of       0 MegaBytes
label[2] g_szOpcode[2] g_szParms[27] comments[25]
Processing DW directive
hexout(pc=0010,count=3,offset=0); called
hexout(pc=0013,count=3,offset=3); called
hexout(pc=0016,count=2,offset=6); called

src: P4:	dw 04001H,00000H,08000H,00000H	; F: of       8 MegaBytes
label[2] g_szOpcode[2] g_szParms[27] comments[25]
Processing DW directive
hexout(pc=0018,count=3,offset=0); called
hexout(pc=001B,count=3,offset=3); called
hexout(pc=001E,count=2,offset=6); called
End of pass two
