parttabl.lst     Page 1 ./assemble Ver 19.04.28i
Vintage Modern Assembler Plus Tools
Copyright (C) 2019 Douglas Goodall.
   1:U:1 0000:                ; parttabl.asm generated by ./fdisk, do not edi+
   1+U+1 0000:          t
   2:U:1 0000:                                
   3:U:1 0000:          p$table               
   3:U:1 0000: Err Unknown Opcode           
   4:U:1                P1        dw         00001H,00000H,00000H,00000H     +
   4+U+1 0000:                                   ; C: of       0 MegaBytes
   4:U:1 0000: 01 00 00 P1        db         001H,000H,000H  ; 
   4:U:1 0003: 00 00 00 P1        db         000H,000H,000H  ; 
   4:U:1 0006: 00 00    P1        db         000H,000H       ; 
   5:U:1                P2        dw         00001H,00000H,04000H,00000H     +
   5+U+1 0008:                                   ; D: of       8 MegaBytes
   5:U:1 0008: 01 00 00 P2        db         001H,000H,000H  ; 
   5:U:1 000B: 00 A0 0F P2        db         000H,0A0H,00FH  ; 
   5:U:1 000E: 00 00    P2        db         000H,000H       ; 
   6:U:1                P3        dw         04001H,00000H,04000H,00000H     +
   6+U+1 0010:                                   ; E: of       0 MegaBytes
   6:U:1 0010: A1 0F 00 P3        db         0A1H,00FH,000H  ; ¡
   6:U:1 0013: 00 A0 0F P3        db         000H,0A0H,00FH  ; 
   6:U:1 0016: 00 00    P3        db         000H,000H       ; 
   7:U:1                P4        dw         04001H,00000H,08000H,00000H     +
   7+U+1 0018:                                   ; F: of       8 MegaBytes
   7:U:1 0018: A1 0F 00 P4        db         0A1H,00FH,000H  ; ¡
   7:U:1 001B: 00 40 1F P4        db         000H,040H,01FH  ; 
   7:U:1 001E: 00 00    P4        db         000H,000H       ; 
   7:U:1 ----------------------------------------------
   7:U:1 Symbol table byte entries...
   7:U:1 p1.u8, 0x00 (0)
   7:U:1 p4.u8, 0x18 (24)
   7:U:1 p$table.u8, 0x00 (0)
   7:U:1 p3.u8, 0x10 (16)
   7:U:1 p2.u8, 0x08 (8)
   7:U:1 ----------------------------------------------
   7:U:1 Symbol table word entries...
   7:U:1 p1.u16, 0x0000 (0)
   7:U:1 p3.u16, 0x0010 (16)
   7:U:1 p2.u16, 0x0008 (8)
   7:U:1 p4.u16, 0x0018 (24)
   7:U:1 pagewdth.u16, 0x004A (74)
   7:U:1 p$table.u16, 0x0000 (0)
   7:U:1 ldefpgwd.u16, 0x004A (74)
   7:U:1 ldefpgln.u16, 0x0032 (50)
   7:U:1 pagelgth.u16, 0x0032 (50)
   7:U:1 ----------------------------------------------
   7:U:1 Symbol table dword entries...
   7:U:1 p$table.u32, 0x00000000 (0)
   7:U:1 p4.u32, 0x00000018 (24)
   7:U:1 p1.u32, 0x00000000 (0)
   7:U:1 p2.u32, 0x00000008 (8)
   7:U:1 p3.u32, 0x00000010 (16)
parttabl.lst     Page 2 ./assemble Ver 19.04.28i
Vintage Modern Assembler Plus Tools
Copyright (C) 2019 Douglas Goodall.
   7:U:1 ----------------------------------------------
   7:U:1 Symbol table qword entries...
   7:U:1 p$table.u64, 0x00000000000000000 (0)
   7:U:1 p4.u64, 0x00000000000000018 (24)
   7:U:1 p2.u64, 0x00000000000000008 (8)
   7:U:1 p3.u64, 0x00000000000000010 (16)
   7:U:1 p1.u64, 0x00000000000000000 (0)
   7:U:1 ----------------------------------------------
   7:U:1 Symbol table meta entries...
   7:U:1 asdec68k.mta, "$Id: asdec68k.hpp,v 1.1 2011/03/24 11:58:05 doug Exp +
   7+U+1 0020:          $"
   7:U:1 asdecdir.mta, "$Id: asdecdir.hpp,v 1.1 2011/03/24 11:58:05 doug Exp +
   7+U+1 0020:          $"
   7:U:1 hostname.mta, "Douglas-MacBook-Pro.local"
   7:U:1 asymbols.mta, "$Id: asymbols.hpp,v 1.6 2011/04/14 15:13:09 doug Exp +
   7+U+1 0020:          $"
   7:U:1 assemble.mta, "$Id: assemble.cpp,v 1.5 2011/04/14 15:13:09 doug Exp +
   7+U+1 0020:          $"
   7:U:1 asdec65.mta, "$Id: asdec65.hpp,v 1.1 2011/03/24 11:58:05 doug Exp $"
   7:U:1 asdecz80.mta, "$Id: asdecz80.hpp,v 1.1 2011/03/24 11:58:05 doug Exp +
   7+U+1 0020:          $"
   7:U:1 asoutlst.mta, "$Id: asoutlst.hpp,v 1.2 2011/03/25 05:48:59 doug Exp +
   7+U+1 0020:          $"
   7:U:1 username.mta, "doug"
   7:U:1 asouthex.mta, "$Id: asouthex.hpp,v 1.1 2011/03/24 11:58:05 doug Exp +
   7+U+1 0020:          $"
   7:U:1 asoutwrn.mta, "$Id: asoutwrn.hpp,v 1.2 2011/04/14 15:13:09 doug Exp +
   7+U+1 0020:          $"
   7:U:1 asprint.mta, "$Id: asprint.hpp,v 1.2 2011/03/25 05:48:10 doug Exp $"
   7:U:1 ascalc.mta, "$Id: ascalc.hpp,v 1.1 2011/03/24 11:58:05 doug Exp $"
   7:U:1 asdec20.mta, "$Id: asdec20.hpp,v 1.1 2011/03/25 05:49:38 doug Exp $"
   7:U:1 pwd.mta, "/Users/doug/src/framewk/04282019"
   7:U:1 ashexout.mta, "$Id: ashexout.hpp,v 1.1 2011/03/24 11:58:05 doug Exp +
   7+U+1 0020:          $"
   7:U:1 asouterr.mta, "$Id: asouterr.hpp,v 1.2 2011/04/14 15:13:09 doug Exp +
   7+U+1 0020:          $"
   7:U:1 asdec80.mta, "$Id: asdec80.hpp,v 1.1 2011/03/24 11:58:05 doug Exp $"
   7:U:1 asparse.mta, "$Id: asparse.hpp,v 1.1 2011/03/24 11:58:05 doug Exp $"
   7:U:1 asdec85.mta, "$Id: asdec85.hpp,v 1.1 2011/03/24 11:58:05 doug Exp $"
   7:U:1 asresolv.mta, "$Id: asresolv.hpp,v 1.3 2011/04/14 15:13:09 doug Exp +
   7+U+1 0020:          $"
   7:U:1 aseval.mta, "$Id: aseval.hpp,v 1.2 2011/04/14 15:13:09 doug Exp $"
   7:U:1 machtype.mta, "x86_64-apple-darwin18"
   7:U:1 hosttype.mta, "x86_64"
   7:U:1 program.mta, "parttabl"